###BOTTLING### default.sh
###BOTTLING### Gathering debug Info...

Versions
OS...........................: darwin18
Wine.........................: 1.8.6
WineBottler..................: 1.8.6
Wineticks....................: 20190310-next - sha256sum: 9cb3caca2559abcff600edfbcdbcc5bd3946bdcf45c744d5ad3b64a52c534515

Environment
PWD..........................: '/Applications/Wine.app/Contents/Resources/bin'
PATH.........................: /Applications/Wine.app/Contents/Resources/bin:/usr/bin:/bin:/usr/sbin:/sbin
USER.........................: a.kyzmenko
HOME.........................: /Users/a.kyzmenko
COMPUTERNAME.................: MacBook Air — Anna
BUNDLERESOURCEPATH...........: /Applications/WineBottler.app/Contents/Frameworks/WBottler.framework/Resources
WINEPREFIX...................: /Applications/Wine.app/Contents/Resources
WINEPATH.....................: /Applications/Wine.app/Contents/Resources/bin
LD_LIBRARY_PATH..............: /Applications/Wine.app/Contents/Resources/lib:/opt/X11/lib:/usr/X11/lib
DYLD_FALLBACK_LIBRARY_PATH...: /Applications/Wine.app/Contents/Resources/lib:/usr/lib:/opt/X11/lib:/usr/X11/lib
SILENT.......................: 
http_proxy...................: 
https_proxy..................: 
ftp_proxy....................: 
socks5_proxy.................: 

Bottle
TEMPLATE.....................: 
BOTTLE.......................: /Users/a.kyzmenko/Desktop/кріпто.app
INSTALLER_URL................: /Users/a.kyzmenko/Desktop/WINEBOTTLE/CryptoAutograph/CryptoAutograph.exe
INSTALLER_IS_ZIPPED..........: 0
INSTALLER_NAME...............: CryptoAutograph.exe
INSTALLER_ARGUMENTS..........: 
REMOVE_MONO..................: 
REMOVE_GECKO.................: 
REMOVE_USERS.................: 
REMOVE_INSTALLERS............: 
WINETRICKS_ITEMS.............: winxp 
DLL_OVERRIDES................: 
EXECUTABLE_PATH..............: winefile
EXECUTABLE_ARGUMENTS.........: 
EXECUTABLE_VERSION...........: 1.0.0
BUNDLE_COPYRIGHT.............: © Your Company
BUNDLE_IDENTIFIER............: com.yourcompany.yourapp
BUNDLE_CATEGORYTYPE..........: public.app-category.business
SILENT.......................: 

Hardware:

    Hardware Overview:

      Model Name: MacBook Air
      Model Identifier: MacBookAir7,2
      Processor Name: Intel Core i5
      Processor Speed: 1,8 GHz
      Number of Processors: 1
      Total Number of Cores: 2
      L2 Cache (per Core): 256 KB
      L3 Cache: 3 MB
      Hyper-Threading Technology: Enabled
      Memory: 8 GB
      Boot ROM Version: 186.0.0.0.0
      SMC Version (system): 2.27f2
      Serial Number (system): FVHVJ1NWJ1WK
      Hardware UUID: 20B90E03-1591-535C-AA8A-13B238664284

wine: created the configuration directory '/Users/a.kyzmenko/Desktop/кріпто.app/Contents/Resources/wineprefix'
###BOTTLING### Create .app...
###BOTTLING### Enabling CoreAudio, Colors, Antialiasing  and flat menus...
err:ole:marshal_object couldn't get IPSFactory buffer for interface {00000131-0000-0000-c000-000000000046}
err:ole:marshal_object couldn't get IPSFactory buffer for interface {6d5140c1-7436-11ce-8034-00aa006009fa}
err:ole:StdMarshalImpl_MarshalInterface Failed to create ifstub, hres=0x80004002
err:ole:CoMarshalInterface Failed to marshal the interface {6d5140c1-7436-11ce-8034-00aa006009fa}, 80004002
err:ole:get_local_server_stream Failed: 80004002
err:ole:marshal_object couldn't get IPSFactory buffer for interface {00000131-0000-0000-c000-000000000046}
err:ole:marshal_object couldn't get IPSFactory buffer for interface {6d5140c1-7436-11ce-8034-00aa006009fa}
err:ole:StdMarshalImpl_MarshalInterface Failed to create ifstub, hres=0x80004002
err:ole:CoMarshalInterface Failed to marshal the interface {6d5140c1-7436-11ce-8034-00aa006009fa}, 80004002
err:ole:get_local_server_stream Failed: 80004002
fixme:ntdll:NtLockFile I/O completion on lock not implemented yet
err:mscoree:LoadLibraryShim error reading registry key for installroot
err:mscoree:LoadLibraryShim error reading registry key for installroot
err:mscoree:LoadLibraryShim error reading registry key for installroot
err:mscoree:LoadLibraryShim error reading registry key for installroot
fixme:ntdll:NtLockFile I/O completion on lock not implemented yet
fixme:iphlpapi:NotifyIpInterfaceChange (family 0, callback 0x6a07afa1, context 0x923ca8, init_notify 0, handle 0x11ff444): stub
fixme:iphlpapi:CancelMibChangeNotify2 (handle 0x0): stub
wine: configuration in '/Users/a.kyzmenko/Desktop/кріпто.app/Contents/Resources/wineprefix' has been updated.
###BOTTLING### Sandboxing...
###BOTTLING### Installing Truetype Fonts...
###BOTTLING### Registering Truetype Fonts...
/Applications/Wine.app/Contents/Resources/bin
###BOTTLING### installing winxp
###BOTTLING### Registering native dlls...
###BOTTLING### Installing CryptoAutograph.exe...
fixme:module:load_library unsupported flag(s) used (flags: 0x00000800)
fixme:module:load_library unsupported flag(s) used (flags: 0x00000800)
fixme:module:load_library unsupported flag(s) used (flags: 0x00000800)
fixme:module:load_library unsupported flag(s) used (flags: 0x00000800)
fixme:module:load_library unsupported flag(s) used (flags: 0x00000800)
err:wintab32:LoadTablet LoadTabletInfo(0x10044) failed
fixme:system:SetProcessDPIAware stub!
fixme:toolhelp:CreateToolhelp32Snapshot Unimplemented: heap list snapshot
fixme:toolhelp:Heap32ListFirst : stub
fixme:msg:ChangeWindowMessageFilterEx 0x10050 c03a 1 0x0
fixme:systray:wine_notify_icon unhandled tray message: 4
Task returned with status 15.